<?xml version="1.0" encoding="UTF-8"?>
<robot generator="Robot 3.0.2 (Python 3.6.3 on darwin)" generated="20171123 17:08:19.674">
<suite id="s1" name="Number Of Products Displayed" source="/Users/akinfu/Google Drive/PROJECTS/UDEMY/RobotFrameworkQuickStart/RobotCourseFiles/DemoStoreSuperSQA/tests/Homepage/number_of_products_displayed.robot">
<test id="s1-t1" name="Home page should have 12 items displayed">
<kw name="Open Browser" library="SeleniumLibrary">
<doc>Opens a new browser instance to given URL.</doc>
<arguments>
<arg>about:blank</arg>
<arg>Chrome</arg>
</arguments>
<msg timestamp="20171123 17:08:20.055" level="INFO">Opening browser 'Chrome' to base url 'about:blank'</msg>
<status status="PASS" starttime="20171123 17:08:20.055" endtime="20171123 17:08:22.959"></status>
</kw>
<kw name="Go To" library="SeleniumLibrary">
<doc>Navigates the active browser instance to the provided URL.</doc>
<arguments>
<arg>http://demostore.supersqa.com</arg>
</arguments>
<msg timestamp="20171123 17:08:22.961" level="INFO">Opening url 'http://demostore.supersqa.com'</msg>
<status status="PASS" starttime="20171123 17:08:22.960" endtime="20171123 17:08:25.837"></status>
</kw>
<kw name="Verify 12 Producs Are Displayed" library="demostore.homepage.homepage">
<doc>Returns:</doc>
<msg timestamp="20171123 17:08:26.097" level="INFO">Checking if products are visible on page.</msg>
<status status="PASS" starttime="20171123 17:08:25.838" endtime="20171123 17:08:26.612"></status>
</kw>
<kw name="Close Browser" library="SeleniumLibrary">
<doc>Closes the current browser.</doc>
<status status="PASS" starttime="20171123 17:08:26.613" endtime="20171123 17:08:26.816"></status>
</kw>
<status status="PASS" starttime="20171123 17:08:20.053" endtime="20171123 17:08:26.817" critical="yes"></status>
</test>
<status status="PASS" starttime="20171123 17:08:19.678" endtime="20171123 17:08:26.820"></status>
</suite>
<statistics>
<total>
<stat pass="1" fail="0">Critical Tests</stat>
<stat pass="1" fail="0">All Tests</stat>
</total>
<tag>
</tag>
<suite>
<stat pass="1" fail="0" id="s1" name="Number Of Products Displayed">Number Of Products Displayed</stat>
</suite>
</statistics>
<errors>
</errors>
</robot>
