<?xml version="1.0" encoding="UTF-8"?>
<robot generator="Robot 3.0.2 (Python 3.6.3 on darwin)" generated="20171130 22:11:28.682">
<suite id="s1" name="DocumentationInTestCaseFiles" source="/Users/akinfu/Google Drive/PROJECTS/UDEMY/RobotFrameworkQuickStart/RobotCourseFiles/DemoStoreSuperSQA/tests/misc/DocumentationInTestCaseFiles.robot">
<test id="s1-t1" name="First test case">
<kw name="I am user keyword 1">
<doc>This is documentation for user keyword.</doc>
<kw name="Log To Console" library="BuiltIn">
<doc>Logs the given message to the console.</doc>
<arguments>
<arg>I just run user keyword 1</arg>
</arguments>
<status status="PASS" starttime="20171130 22:11:29.126" endtime="20171130 22:11:29.126"></status>
</kw>
<status status="PASS" starttime="20171130 22:11:29.124" endtime="20171130 22:11:29.127"></status>
</kw>
<doc>This is documentation for the first test case.
This is actualy on a second line.

This is a new line break.</doc>
<status status="PASS" starttime="20171130 22:11:29.121" endtime="20171130 22:11:29.127" critical="yes"></status>
</test>
<test id="s1-t2" name="Second test case">
<kw name="I am user keyword 2">
<kw name="Log To Console" library="BuiltIn">
<doc>Logs the given message to the console.</doc>
<arguments>
<arg>I just run user keyword 2</arg>
</arguments>
<status status="PASS" starttime="20171130 22:11:29.132" endtime="20171130 22:11:29.132"></status>
</kw>
<status status="PASS" starttime="20171130 22:11:29.131" endtime="20171130 22:11:29.133"></status>
</kw>
<status status="PASS" starttime="20171130 22:11:29.129" endtime="20171130 22:11:29.135" critical="yes"></status>
</test>
<test id="s1-t3" name="Third test case">
<kw name="I am user keyword 3">
<kw name="Log To Console" library="BuiltIn">
<doc>Logs the given message to the console.</doc>
<arguments>
<arg>I just run user keyword 3</arg>
</arguments>
<status status="PASS" starttime="20171130 22:11:29.139" endtime="20171130 22:11:29.139"></status>
</kw>
<status status="PASS" starttime="20171130 22:11:29.138" endtime="20171130 22:11:29.140"></status>
</kw>
<status status="PASS" starttime="20171130 22:11:29.137" endtime="20171130 22:11:29.140" critical="yes"></status>
</test>
<doc>This is the documentation for DumentationInTestCaseFiles.robot.
We can also break into lines if the documentation is too long.
There theree dots (...) represent continuation.

Also we can add new line.</doc>
<status status="PASS" starttime="20171130 22:11:28.685" endtime="20171130 22:11:29.141"></status>
</suite>
<statistics>
<total>
<stat pass="3" fail="0">Critical Tests</stat>
<stat pass="3" fail="0">All Tests</stat>
</total>
<tag>
</tag>
<suite>
<stat pass="3" fail="0" id="s1" name="DocumentationInTestCaseFiles">DocumentationInTestCaseFiles</stat>
</suite>
</statistics>
<errors>
</errors>
</robot>
